<?xml version="1.0" encoding="UTF-8"?>
<testsuite xmlns:xsi="http://www.w3.org/2001/XMLSchema-instance" xsi:noNamespaceSchemaLocation="https://maven.apache.org/surefire/maven-surefire-plugin/xsd/surefire-test-report.xsd" version="3.0.2" name="com.socialapp.restful.TestEmptyContext" time="1.774" tests="1" errors="0" skipped="0" failures="0">
  <properties>
    <property name="java.specification.version" value="23"/>
    <property name="sun.jnu.encoding" value="UTF-8"/>
    <property name="java.class.path" value="/Users/julianfisla/api-project/socialapp-api/target/test-classes:/Users/julianfisla/api-project/socialapp-api/target/classes:/Users/julianfisla/.m2/repository/org/springframework/boot/spring-boot-starter-web/3.3.0/spring-boot-starter-web-3.3.0.jar:/Users/julianfisla/.m2/repository/org/springframework/boot/spring-boot-starter/3.3.0/spring-boot-starter-3.3.0.jar:/Users/julianfisla/.m2/repository/org/springframework/boot/spring-boot/3.3.0/spring-boot-3.3.0.jar:/Users/julianfisla/.m2/repository/org/springframework/boot/spring-boot-autoconfigure/3.3.0/spring-boot-autoconfigure-3.3.0.jar:/Users/julianfisla/.m2/repository/jakarta/annotation/jakarta.annotation-api/2.1.1/jakarta.annotation-api-2.1.1.jar:/Users/julianfisla/.m2/repository/org/yaml/snakeyaml/2.2/snakeyaml-2.2.jar:/Users/julianfisla/.m2/repository/org/springframework/boot/spring-boot-starter-json/3.3.0/spring-boot-starter-json-3.3.0.jar:/Users/julianfisla/.m2/repository/com/fasterxml/jackson/datatype/jackson-datatype-jdk8/2.17.1/jackson-datatype-jdk8-2.17.1.jar:/Users/julianfisla/.m2/repository/com/fasterxml/jackson/datatype/jackson-datatype-jsr310/2.17.1/jackson-datatype-jsr310-2.17.1.jar:/Users/julianfisla/.m2/repository/com/fasterxml/jackson/module/jackson-module-parameter-names/2.17.1/jackson-module-parameter-names-2.17.1.jar:/Users/julianfisla/.m2/repository/org/springframework/boot/spring-boot-starter-tomcat/3.3.0/spring-boot-starter-tomcat-3.3.0.jar:/Users/julianfisla/.m2/repository/org/apache/tomcat/embed/tomcat-embed-core/10.1.24/tomcat-embed-core-10.1.24.jar:/Users/julianfisla/.m2/repository/org/apache/tomcat/embed/tomcat-embed-el/10.1.24/tomcat-embed-el-10.1.24.jar:/Users/julianfisla/.m2/repository/org/apache/tomcat/embed/tomcat-embed-websocket/10.1.24/tomcat-embed-websocket-10.1.24.jar:/Users/julianfisla/.m2/repository/org/springframework/spring-web/6.1.8/spring-web-6.1.8.jar:/Users/julianfisla/.m2/repository/org/springframework/spring-beans/6.1.8/spring-beans-6.1.8.jar:/Users/julianfisla/.m2/repository/io/micrometer/micrometer-observation/1.13.0/micrometer-observation-1.13.0.jar:/Users/julianfisla/.m2/repository/io/micrometer/micrometer-commons/1.13.0/micrometer-commons-1.13.0.jar:/Users/julianfisla/.m2/repository/org/springframework/spring-webmvc/6.1.8/spring-webmvc-6.1.8.jar:/Users/julianfisla/.m2/repository/org/springframework/spring-aop/6.1.8/spring-aop-6.1.8.jar:/Users/julianfisla/.m2/repository/org/springframework/spring-context/6.1.8/spring-context-6.1.8.jar:/Users/julianfisla/.m2/repository/org/springframework/spring-expression/6.1.8/spring-expression-6.1.8.jar:/Users/julianfisla/.m2/repository/org/springframework/boot/spring-boot-starter-log4j2/3.3.0/spring-boot-starter-log4j2-3.3.0.jar:/Users/julianfisla/.m2/repository/org/apache/logging/log4j/log4j-slf4j2-impl/2.23.1/log4j-slf4j2-impl-2.23.1.jar:/Users/julianfisla/.m2/repository/org/apache/logging/log4j/log4j-api/2.23.1/log4j-api-2.23.1.jar:/Users/julianfisla/.m2/repository/org/slf4j/slf4j-api/2.0.13/slf4j-api-2.0.13.jar:/Users/julianfisla/.m2/repository/org/apache/logging/log4j/log4j-core/2.23.1/log4j-core-2.23.1.jar:/Users/julianfisla/.m2/repository/org/apache/logging/log4j/log4j-jul/2.23.1/log4j-jul-2.23.1.jar:/Users/julianfisla/.m2/repository/org/springframework/boot/spring-boot-starter-data-mongodb/3.3.0/spring-boot-starter-data-mongodb-3.3.0.jar:/Users/julianfisla/.m2/repository/org/mongodb/mongodb-driver-sync/5.0.1/mongodb-driver-sync-5.0.1.jar:/Users/julianfisla/.m2/repository/org/mongodb/bson/5.0.1/bson-5.0.1.jar:/Users/julianfisla/.m2/repository/org/mongodb/mongodb-driver-core/5.0.1/mongodb-driver-core-5.0.1.jar:/Users/julianfisla/.m2/repository/org/mongodb/bson-record-codec/5.0.1/bson-record-codec-5.0.1.jar:/Users/julianfisla/.m2/repository/org/springframework/data/spring-data-mongodb/4.3.0/spring-data-mongodb-4.3.0.jar:/Users/julianfisla/.m2/repository/org/springframework/spring-tx/6.1.8/spring-tx-6.1.8.jar:/Users/julianfisla/.m2/repository/org/springframework/data/spring-data-commons/3.3.0/spring-data-commons-3.3.0.jar:/Users/julianfisla/.m2/repository/com/fasterxml/jackson/core/jackson-databind/2.17.1/jackson-databind-2.17.1.jar:/Users/julianfisla/.m2/repository/com/fasterxml/jackson/core/jackson-annotations/2.17.1/jackson-annotations-2.17.1.jar:/Users/julianfisla/.m2/repository/com/fasterxml/jackson/core/jackson-core/2.17.1/jackson-core-2.17.1.jar:/Users/julianfisla/.m2/repository/org/springframework/boot/spring-boot-starter-test/3.3.0/spring-boot-starter-test-3.3.0.jar:/Users/julianfisla/.m2/repository/org/springframework/boot/spring-boot-test/3.3.0/spring-boot-test-3.3.0.jar:/Users/julianfisla/.m2/repository/org/springframework/boot/spring-boot-test-autoconfigure/3.3.0/spring-boot-test-autoconfigure-3.3.0.jar:/Users/julianfisla/.m2/repository/com/jayway/jsonpath/json-path/2.9.0/json-path-2.9.0.jar:/Users/julianfisla/.m2/repository/jakarta/xml/bind/jakarta.xml.bind-api/4.0.2/jakarta.xml.bind-api-4.0.2.jar:/Users/julianfisla/.m2/repository/jakarta/activation/jakarta.activation-api/2.1.3/jakarta.activation-api-2.1.3.jar:/Users/julianfisla/.m2/repository/net/minidev/json-smart/2.5.1/json-smart-2.5.1.jar:/Users/julianfisla/.m2/repository/net/minidev/accessors-smart/2.5.1/accessors-smart-2.5.1.jar:/Users/julianfisla/.m2/repository/org/ow2/asm/asm/9.6/asm-9.6.jar:/Users/julianfisla/.m2/repository/org/assertj/assertj-core/3.25.3/assertj-core-3.25.3.jar:/Users/julianfisla/.m2/repository/net/bytebuddy/byte-buddy/1.14.16/byte-buddy-1.14.16.jar:/Users/julianfisla/.m2/repository/org/awaitility/awaitility/4.2.1/awaitility-4.2.1.jar:/Users/julianfisla/.m2/repository/org/hamcrest/hamcrest/2.2/hamcrest-2.2.jar:/Users/julianfisla/.m2/repository/org/junit/jupiter/junit-jupiter/5.10.2/junit-jupiter-5.10.2.jar:/Users/julianfisla/.m2/repository/org/junit/jupiter/junit-jupiter-api/5.10.2/junit-jupiter-api-5.10.2.jar:/Users/julianfisla/.m2/repository/org/opentest4j/opentest4j/1.3.0/opentest4j-1.3.0.jar:/Users/julianfisla/.m2/repository/org/junit/platform/junit-platform-commons/1.10.2/junit-platform-commons-1.10.2.jar:/Users/julianfisla/.m2/repository/org/apiguardian/apiguardian-api/1.1.2/apiguardian-api-1.1.2.jar:/Users/julianfisla/.m2/repository/org/junit/jupiter/junit-jupiter-params/5.10.2/junit-jupiter-params-5.10.2.jar:/Users/julianfisla/.m2/repository/org/junit/jupiter/junit-jupiter-engine/5.10.2/junit-jupiter-engine-5.10.2.jar:/Users/julianfisla/.m2/repository/org/junit/platform/junit-platform-engine/1.10.2/junit-platform-engine-1.10.2.jar:/Users/julianfisla/.m2/repository/org/mockito/mockito-core/5.11.0/mockito-core-5.11.0.jar:/Users/julianfisla/.m2/repository/net/bytebuddy/byte-buddy-agent/1.14.16/byte-buddy-agent-1.14.16.jar:/Users/julianfisla/.m2/repository/org/objenesis/objenesis/3.3/objenesis-3.3.jar:/Users/julianfisla/.m2/repository/org/mockito/mockito-junit-jupiter/5.11.0/mockito-junit-jupiter-5.11.0.jar:/Users/julianfisla/.m2/repository/org/skyscreamer/jsonassert/1.5.1/jsonassert-1.5.1.jar:/Users/julianfisla/.m2/repository/com/vaadin/external/google/android-json/0.0.20131108.vaadin1/android-json-0.0.20131108.vaadin1.jar:/Users/julianfisla/.m2/repository/org/springframework/spring-core/6.1.8/spring-core-6.1.8.jar:/Users/julianfisla/.m2/repository/org/springframework/spring-jcl/6.1.8/spring-jcl-6.1.8.jar:/Users/julianfisla/.m2/repository/org/springframework/spring-test/6.1.8/spring-test-6.1.8.jar:/Users/julianfisla/.m2/repository/org/xmlunit/xmlunit-core/2.9.1/xmlunit-core-2.9.1.jar:"/>
    <property name="java.vm.vendor" value="Homebrew"/>
    <property name="sun.arch.data.model" value="64"/>
    <property name="java.vendor.url" value="https://github.com/Homebrew/homebrew-core/issues"/>
    <property name="user.timezone" value="America/Toronto"/>
    <property name="os.name" value="Mac OS X"/>
    <property name="java.vm.specification.version" value="23"/>
    <property name="sun.java.launcher" value="SUN_STANDARD"/>
    <property name="user.country" value="CA"/>
    <property name="sun.boot.library.path" value="/opt/homebrew/Cellar/openjdk/23/libexec/openjdk.jdk/Contents/Home/lib"/>
    <property name="sun.java.command" value="/Users/julianfisla/api-project/socialapp-api/target/surefire/surefirebooter-20241122182514863_3.jar /Users/julianfisla/api-project/socialapp-api/target/surefire 2024-11-22T18-25-14_818-jvmRun1 surefire-20241122182514863_1tmp surefire_0-20241122182514863_2tmp"/>
    <property name="http.nonProxyHosts" value="local|*.local|169.254/16|*.169.254/16"/>
    <property name="jdk.debug" value="release"/>
    <property name="surefire.test.class.path" value="/Users/julianfisla/api-project/socialapp-api/target/test-classes:/Users/julianfisla/api-project/socialapp-api/target/classes:/Users/julianfisla/.m2/repository/org/springframework/boot/spring-boot-starter-web/3.3.0/spring-boot-starter-web-3.3.0.jar:/Users/julianfisla/.m2/repository/org/springframework/boot/spring-boot-starter/3.3.0/spring-boot-starter-3.3.0.jar:/Users/julianfisla/.m2/repository/org/springframework/boot/spring-boot/3.3.0/spring-boot-3.3.0.jar:/Users/julianfisla/.m2/repository/org/springframework/boot/spring-boot-autoconfigure/3.3.0/spring-boot-autoconfigure-3.3.0.jar:/Users/julianfisla/.m2/repository/jakarta/annotation/jakarta.annotation-api/2.1.1/jakarta.annotation-api-2.1.1.jar:/Users/julianfisla/.m2/repository/org/yaml/snakeyaml/2.2/snakeyaml-2.2.jar:/Users/julianfisla/.m2/repository/org/springframework/boot/spring-boot-starter-json/3.3.0/spring-boot-starter-json-3.3.0.jar:/Users/julianfisla/.m2/repository/com/fasterxml/jackson/datatype/jackson-datatype-jdk8/2.17.1/jackson-datatype-jdk8-2.17.1.jar:/Users/julianfisla/.m2/repository/com/fasterxml/jackson/datatype/jackson-datatype-jsr310/2.17.1/jackson-datatype-jsr310-2.17.1.jar:/Users/julianfisla/.m2/repository/com/fasterxml/jackson/module/jackson-module-parameter-names/2.17.1/jackson-module-parameter-names-2.17.1.jar:/Users/julianfisla/.m2/repository/org/springframework/boot/spring-boot-starter-tomcat/3.3.0/spring-boot-starter-tomcat-3.3.0.jar:/Users/julianfisla/.m2/repository/org/apache/tomcat/embed/tomcat-embed-core/10.1.24/tomcat-embed-core-10.1.24.jar:/Users/julianfisla/.m2/repository/org/apache/tomcat/embed/tomcat-embed-el/10.1.24/tomcat-embed-el-10.1.24.jar:/Users/julianfisla/.m2/repository/org/apache/tomcat/embed/tomcat-embed-websocket/10.1.24/tomcat-embed-websocket-10.1.24.jar:/Users/julianfisla/.m2/repository/org/springframework/spring-web/6.1.8/spring-web-6.1.8.jar:/Users/julianfisla/.m2/repository/org/springframework/spring-beans/6.1.8/spring-beans-6.1.8.jar:/Users/julianfisla/.m2/repository/io/micrometer/micrometer-observation/1.13.0/micrometer-observation-1.13.0.jar:/Users/julianfisla/.m2/repository/io/micrometer/micrometer-commons/1.13.0/micrometer-commons-1.13.0.jar:/Users/julianfisla/.m2/repository/org/springframework/spring-webmvc/6.1.8/spring-webmvc-6.1.8.jar:/Users/julianfisla/.m2/repository/org/springframework/spring-aop/6.1.8/spring-aop-6.1.8.jar:/Users/julianfisla/.m2/repository/org/springframework/spring-context/6.1.8/spring-context-6.1.8.jar:/Users/julianfisla/.m2/repository/org/springframework/spring-expression/6.1.8/spring-expression-6.1.8.jar:/Users/julianfisla/.m2/repository/org/springframework/boot/spring-boot-starter-log4j2/3.3.0/spring-boot-starter-log4j2-3.3.0.jar:/Users/julianfisla/.m2/repository/org/apache/logging/log4j/log4j-slf4j2-impl/2.23.1/log4j-slf4j2-impl-2.23.1.jar:/Users/julianfisla/.m2/repository/org/apache/logging/log4j/log4j-api/2.23.1/log4j-api-2.23.1.jar:/Users/julianfisla/.m2/repository/org/slf4j/slf4j-api/2.0.13/slf4j-api-2.0.13.jar:/Users/julianfisla/.m2/repository/org/apache/logging/log4j/log4j-core/2.23.1/log4j-core-2.23.1.jar:/Users/julianfisla/.m2/repository/org/apache/logging/log4j/log4j-jul/2.23.1/log4j-jul-2.23.1.jar:/Users/julianfisla/.m2/repository/org/springframework/boot/spring-boot-starter-data-mongodb/3.3.0/spring-boot-starter-data-mongodb-3.3.0.jar:/Users/julianfisla/.m2/repository/org/mongodb/mongodb-driver-sync/5.0.1/mongodb-driver-sync-5.0.1.jar:/Users/julianfisla/.m2/repository/org/mongodb/bson/5.0.1/bson-5.0.1.jar:/Users/julianfisla/.m2/repository/org/mongodb/mongodb-driver-core/5.0.1/mongodb-driver-core-5.0.1.jar:/Users/julianfisla/.m2/repository/org/mongodb/bson-record-codec/5.0.1/bson-record-codec-5.0.1.jar:/Users/julianfisla/.m2/repository/org/springframework/data/spring-data-mongodb/4.3.0/spring-data-mongodb-4.3.0.jar:/Users/julianfisla/.m2/repository/org/springframework/spring-tx/6.1.8/spring-tx-6.1.8.jar:/Users/julianfisla/.m2/repository/org/springframework/data/spring-data-commons/3.3.0/spring-data-commons-3.3.0.jar:/Users/julianfisla/.m2/repository/com/fasterxml/jackson/core/jackson-databind/2.17.1/jackson-databind-2.17.1.jar:/Users/julianfisla/.m2/repository/com/fasterxml/jackson/core/jackson-annotations/2.17.1/jackson-annotations-2.17.1.jar:/Users/julianfisla/.m2/repository/com/fasterxml/jackson/core/jackson-core/2.17.1/jackson-core-2.17.1.jar:/Users/julianfisla/.m2/repository/org/springframework/boot/spring-boot-starter-test/3.3.0/spring-boot-starter-test-3.3.0.jar:/Users/julianfisla/.m2/repository/org/springframework/boot/spring-boot-test/3.3.0/spring-boot-test-3.3.0.jar:/Users/julianfisla/.m2/repository/org/springframework/boot/spring-boot-test-autoconfigure/3.3.0/spring-boot-test-autoconfigure-3.3.0.jar:/Users/julianfisla/.m2/repository/com/jayway/jsonpath/json-path/2.9.0/json-path-2.9.0.jar:/Users/julianfisla/.m2/repository/jakarta/xml/bind/jakarta.xml.bind-api/4.0.2/jakarta.xml.bind-api-4.0.2.jar:/Users/julianfisla/.m2/repository/jakarta/activation/jakarta.activation-api/2.1.3/jakarta.activation-api-2.1.3.jar:/Users/julianfisla/.m2/repository/net/minidev/json-smart/2.5.1/json-smart-2.5.1.jar:/Users/julianfisla/.m2/repository/net/minidev/accessors-smart/2.5.1/accessors-smart-2.5.1.jar:/Users/julianfisla/.m2/repository/org/ow2/asm/asm/9.6/asm-9.6.jar:/Users/julianfisla/.m2/repository/org/assertj/assertj-core/3.25.3/assertj-core-3.25.3.jar:/Users/julianfisla/.m2/repository/net/bytebuddy/byte-buddy/1.14.16/byte-buddy-1.14.16.jar:/Users/julianfisla/.m2/repository/org/awaitility/awaitility/4.2.1/awaitility-4.2.1.jar:/Users/julianfisla/.m2/repository/org/hamcrest/hamcrest/2.2/hamcrest-2.2.jar:/Users/julianfisla/.m2/repository/org/junit/jupiter/junit-jupiter/5.10.2/junit-jupiter-5.10.2.jar:/Users/julianfisla/.m2/repository/org/junit/jupiter/junit-jupiter-api/5.10.2/junit-jupiter-api-5.10.2.jar:/Users/julianfisla/.m2/repository/org/opentest4j/opentest4j/1.3.0/opentest4j-1.3.0.jar:/Users/julianfisla/.m2/repository/org/junit/platform/junit-platform-commons/1.10.2/junit-platform-commons-1.10.2.jar:/Users/julianfisla/.m2/repository/org/apiguardian/apiguardian-api/1.1.2/apiguardian-api-1.1.2.jar:/Users/julianfisla/.m2/repository/org/junit/jupiter/junit-jupiter-params/5.10.2/junit-jupiter-params-5.10.2.jar:/Users/julianfisla/.m2/repository/org/junit/jupiter/junit-jupiter-engine/5.10.2/junit-jupiter-engine-5.10.2.jar:/Users/julianfisla/.m2/repository/org/junit/platform/junit-platform-engine/1.10.2/junit-platform-engine-1.10.2.jar:/Users/julianfisla/.m2/repository/org/mockito/mockito-core/5.11.0/mockito-core-5.11.0.jar:/Users/julianfisla/.m2/repository/net/bytebuddy/byte-buddy-agent/1.14.16/byte-buddy-agent-1.14.16.jar:/Users/julianfisla/.m2/repository/org/objenesis/objenesis/3.3/objenesis-3.3.jar:/Users/julianfisla/.m2/repository/org/mockito/mockito-junit-jupiter/5.11.0/mockito-junit-jupiter-5.11.0.jar:/Users/julianfisla/.m2/repository/org/skyscreamer/jsonassert/1.5.1/jsonassert-1.5.1.jar:/Users/julianfisla/.m2/repository/com/vaadin/external/google/android-json/0.0.20131108.vaadin1/android-json-0.0.20131108.vaadin1.jar:/Users/julianfisla/.m2/repository/org/springframework/spring-core/6.1.8/spring-core-6.1.8.jar:/Users/julianfisla/.m2/repository/org/springframework/spring-jcl/6.1.8/spring-jcl-6.1.8.jar:/Users/julianfisla/.m2/repository/org/springframework/spring-test/6.1.8/spring-test-6.1.8.jar:/Users/julianfisla/.m2/repository/org/xmlunit/xmlunit-core/2.9.1/xmlunit-core-2.9.1.jar:"/>
    <property name="sun.cpu.endian" value="little"/>
    <property name="user.home" value="/Users/julianfisla"/>
    <property name="user.language" value="en"/>
    <property name="java.specification.vendor" value="Oracle Corporation"/>
    <property name="java.version.date" value="2024-09-17"/>
    <property name="java.home" value="/opt/homebrew/Cellar/openjdk/23/libexec/openjdk.jdk/Contents/Home"/>
    <property name="file.separator" value="/"/>
    <property name="basedir" value="/Users/julianfisla/api-project/socialapp-api"/>
    <property name="java.vm.compressedOopsMode" value="Zero based"/>
    <property name="line.separator" value="&#10;"/>
    <property name="java.vm.specification.vendor" value="Oracle Corporation"/>
    <property name="java.specification.name" value="Java Platform API Specification"/>
    <property name="FILE_LOG_CHARSET" value="UTF-8"/>
    <property name="java.awt.headless" value="true"/>
    <property name="apple.awt.application.name" value="ForkedBooter"/>
    <property name="surefire.real.class.path" value="/Users/julianfisla/api-project/socialapp-api/target/surefire/surefirebooter-20241122182514863_3.jar"/>
    <property name="sun.management.compiler" value="HotSpot 64-Bit Tiered Compilers"/>
    <property name="ftp.nonProxyHosts" value="local|*.local|169.254/16|*.169.254/16"/>
    <property name="java.runtime.version" value="23"/>
    <property name="user.name" value="julianfisla"/>
    <property name="stdout.encoding" value="UTF-8"/>
    <property name="path.separator" value=":"/>
    <property name="os.version" value="15.0.1"/>
    <property name="java.runtime.name" value="OpenJDK Runtime Environment"/>
    <property name="file.encoding" value="UTF-8"/>
    <property name="java.vm.name" value="OpenJDK 64-Bit Server VM"/>
    <property name="java.vendor.version" value="Homebrew"/>
    <property name="localRepository" value="/Users/julianfisla/.m2/repository"/>
    <property name="java.vendor.url.bug" value="https://github.com/Homebrew/homebrew-core/issues"/>
    <property name="java.io.tmpdir" value="/var/folders/41/s14_38j52xg242x8_slrwgdh0000gn/T/"/>
    <property name="java.version" value="23"/>
    <property name="user.dir" value="/Users/julianfisla/api-project/socialapp-api"/>
    <property name="os.arch" value="aarch64"/>
    <property name="java.vm.specification.name" value="Java Virtual Machine Specification"/>
    <property name="PID" value="24221"/>
    <property name="CONSOLE_LOG_CHARSET" value="UTF-8"/>
    <property name="native.encoding" value="UTF-8"/>
    <property name="java.library.path" value="/Users/julianfisla/Library/Java/Extensions:/Library/Java/Extensions:/Network/Library/Java/Extensions:/System/Library/Java/Extensions:/usr/lib/java:."/>
    <property name="java.vm.info" value="mixed mode, sharing"/>
    <property name="stderr.encoding" value="UTF-8"/>
    <property name="java.vendor" value="Homebrew"/>
    <property name="java.vm.version" value="23"/>
    <property name="sun.io.unicode.encoding" value="UnicodeBig"/>
    <property name="socksNonProxyHosts" value="local|*.local|169.254/16|*.169.254/16"/>
    <property name="java.class.version" value="67.0"/>
    <property name="LOGGED_APPLICATION_NAME" value="[restful-api] "/>
  </properties>
  <testcase name="contextLoads" classname="com.socialapp.restful.TestEmptyContext" time="0.448">
    <system-out><![CDATA[&amp#27;[30m2024-11-22T18:25:15,431&amp#27;[m &amp#27;[32mINFO  &amp#27;[m[&amp#27;[1;34mmain&amp#27;[m] &amp#27;[1;33mo.s.t.c.s.AnnotationConfigContextLoaderUtils&amp#27;[m: Could not detect default configuration classes for test class [com.socialapp.restful.TestEmptyContext]: TestEmptyContext does not declare any static, non-private, non-final, nested classes annotated with @Configuration.
&amp#27;[30m2024-11-22T18:25:15,467&amp#27;[m &amp#27;[32mINFO  &amp#27;[m[&amp#27;[1;34mmain&amp#27;[m] &amp#27;[1;33mo.s.b.t.c.SpringBootTestContextBootstrapper&amp#27;[m: Found @SpringBootConfiguration com.socialapp.restful.RestfulApiApplication for test class com.socialapp.restful.TestEmptyContext
  .   ____          _            __ _ _
 /\\ / ___'_ __ _ _(_)_ __  __ _ \ \ \ \
( ( )\___ | '_ | '_| | '_ \/ _` | \ \ \ \
 \\/  ___)| |_)| | | | | || (_| |  ) ) ) )
  '  |____| .__|_| |_|_| |_\__, | / / / /
 =========|_|==============|___/=/_/_/_/

 :: Spring Boot ::                (v3.3.0)

&amp#27;[30m2024-11-22T18:25:15,607&amp#27;[m &amp#27;[32mINFO  &amp#27;[m[&amp#27;[1;34mmain&amp#27;[m] &amp#27;[1;33mo.s.b.StartupInfoLogger&amp#27;[m: Starting TestEmptyContext using Java 23 with PID 24221 (started by julianfisla in /Users/julianfisla/api-project/socialapp-api)
&amp#27;[30m2024-11-22T18:25:15,609&amp#27;[m &amp#27;[36mDEBUG &amp#27;[m[&amp#27;[1;34mmain&amp#27;[m] &amp#27;[1;33mo.s.b.StartupInfoLogger&amp#27;[m: Running with Spring Boot v3.3.0, Spring v6.1.8
&amp#27;[30m2024-11-22T18:25:15,610&amp#27;[m &amp#27;[32mINFO  &amp#27;[m[&amp#27;[1;34mmain&amp#27;[m] &amp#27;[1;33mo.s.b.SpringApplication&amp#27;[m: No active profile set, falling back to 1 default profile: "default"
&amp#27;[30m2024-11-22T18:25:15,836&amp#27;[m &amp#27;[32mINFO  &amp#27;[m[&amp#27;[1;34mmain&amp#27;[m] &amp#27;[1;33mo.s.d.r.c.RepositoryConfigurationDelegate&amp#27;[m: Bootstrapping Spring Data MongoDB repositories in DEFAULT mode.
&amp#27;[30m2024-11-22T18:25:15,855&amp#27;[m &amp#27;[32mINFO  &amp#27;[m[&amp#27;[1;34mmain&amp#27;[m] &amp#27;[1;33mo.s.d.r.c.RepositoryConfigurationDelegate&amp#27;[m: Finished Spring Data repository scanning in 17 ms. Found 2 MongoDB repository interfaces.
&amp#27;[30m2024-11-22T18:25:15,969&amp#27;[m &amp#27;[32mINFO  &amp#27;[m[&amp#27;[1;34mmain&amp#27;[m] &amp#27;[1;33mc.s.r.RestfulApiApplication&amp#27;[m: ON-STARTUP-LOGIC @PostConstruct
&amp#27;[30m2024-11-22T18:25:16,069&amp#27;[m &amp#27;[32mINFO  &amp#27;[m[&amp#27;[1;34mmain&amp#27;[m] &amp#27;[1;33mc.m.i.d.l.SLF4JLogger&amp#27;[m: MongoClient with metadata {"application": {"name": "Cluster0"}, "driver": {"name": "mongo-java-driver|sync|spring-boot", "version": "5.0.1"}, "os": {"type": "Darwin", "name": "Mac OS X", "architecture": "aarch64", "version": "15.0.1"}, "platform": "Java/Homebrew/23"} created with settings MongoClientSettings{readPreference=primary, writeConcern=WriteConcern{w=majority, wTimeout=null ms, journal=null}, retryWrites=true, retryReads=true, readConcern=ReadConcern{level=null}, credential=MongoCredential{mechanism=null, userName='julian_fisla', source='admin', password=<hidden>, mechanismProperties=<hidden>}, transportSettings=null, commandListeners=[], codecRegistry=ProvidersCodecRegistry{codecProviders=[ValueCodecProvider{}, BsonValueCodecProvider{}, DBRefCodecProvider{}, DBObjectCodecProvider{}, DocumentCodecProvider{}, CollectionCodecProvider{}, IterableCodecProvider{}, MapCodecProvider{}, GeoJsonCodecProvider{}, GridFSFileCodecProvider{}, Jsr310CodecProvider{}, JsonObjectCodecProvider{}, BsonCodecProvider{}, EnumCodecProvider{}, com.mongodb.client.model.mql.ExpressionCodecProvider@b30a50d, com.mongodb.Jep395RecordCodecProvider@764a3e5d, com.mongodb.KotlinCodecProvider@6c742b84]}, loggerSettings=LoggerSettings{maxDocumentLength=1000}, clusterSettings={hosts=[127.0.0.1:27017], srvHost=cluster0.n1kzz.mongodb.net, srvServiceName=mongodb, mode=MULTIPLE, requiredClusterType=REPLICA_SET, requiredReplicaSetName='atlas-11ddw0-shard-0', serverSelector='null', clusterListeners='[]', serverSelectionTimeout='30000 ms', localThreshold='15 ms'}, socketSettings=SocketSettings{connectTimeoutMS=10000, readTimeoutMS=0, receiveBufferSize=0, proxySettings=ProxySettings{host=null, port=null, username=null, password=null}}, heartbeatSocketSettings=SocketSettings{connectTimeoutMS=10000, readTimeoutMS=10000, receiveBufferSize=0, proxySettings=ProxySettings{host=null, port=null, username=null, password=null}}, connectionPoolSettings=ConnectionPoolSettings{maxSize=100, minSize=0, maxWaitTimeMS=120000, maxConnectionLifeTimeMS=0, maxConnectionIdleTimeMS=0, maintenanceInitialDelayMS=0, maintenanceFrequencyMS=60000, connectionPoolListeners=[], maxConnecting=2}, serverSettings=ServerSettings{heartbeatFrequencyMS=10000, minHeartbeatFrequencyMS=500, serverListeners='[]', serverMonitorListeners='[]'}, sslSettings=SslSettings{enabled=true, invalidHostNameAllowed=false, context=null}, applicationName='Cluster0', compressorList=[], uuidRepresentation=JAVA_LEGACY, serverApi=null, autoEncryptionSettings=null, dnsClient=null, inetAddressResolver=null, contextProvider=null}
&amp#27;[30m2024-11-22T18:25:16,071&amp#27;[m &amp#27;[32mINFO  &amp#27;[m[&amp#27;[1;34mcluster-ClusterId{value='674112dc1836e605480a0dd7', description='Cluster0'}-srv-cluster0.n1kzz.mongodb.net&amp#27;[m] &amp#27;[1;33mc.m.i.d.l.SLF4JLogger&amp#27;[m: Adding discovered server cluster0-shard-00-01.n1kzz.mongodb.net:27017 to client view of cluster
&amp#27;[30m2024-11-22T18:25:16,082&amp#27;[m &amp#27;[32mINFO  &amp#27;[m[&amp#27;[1;34mcluster-ClusterId{value='674112dc1836e605480a0dd7', description='Cluster0'}-srv-cluster0.n1kzz.mongodb.net&amp#27;[m] &amp#27;[1;33mc.m.i.d.l.SLF4JLogger&amp#27;[m: Adding discovered server cluster0-shard-00-02.n1kzz.mongodb.net:27017 to client view of cluster
&amp#27;[30m2024-11-22T18:25:16,084&amp#27;[m &amp#27;[32mINFO  &amp#27;[m[&amp#27;[1;34mcluster-ClusterId{value='674112dc1836e605480a0dd7', description='Cluster0'}-srv-cluster0.n1kzz.mongodb.net&amp#27;[m] &amp#27;[1;33mc.m.i.d.l.SLF4JLogger&amp#27;[m: Adding discovered server cluster0-shard-00-00.n1kzz.mongodb.net:27017 to client view of cluster
&amp#27;[30m2024-11-22T18:25:16,464&amp#27;[m &amp#27;[32mINFO  &amp#27;[m[&amp#27;[1;34mmain&amp#27;[m] &amp#27;[1;33mo.s.b.StartupInfoLogger&amp#27;[m: Started TestEmptyContext in 0.95 seconds (process running for 1.547)
&amp#27;[30m2024-11-22T18:25:16,684&amp#27;[m &amp#27;[32mINFO  &amp#27;[m[&amp#27;[1;34mcluster-ClusterId{value='674112dc1836e605480a0dd7', description='Cluster0'}-cluster0-shard-00-01.n1kzz.mongodb.net:27017&amp#27;[m] &amp#27;[1;33mc.m.i.d.l.SLF4JLogger&amp#27;[m: Monitor thread successfully connected to server with description ServerDescription{address=cluster0-shard-00-01.n1kzz.mongodb.net:27017, type=REPLICA_SET_SECONDARY, state=CONNECTED, ok=true, minWireVersion=0, maxWireVersion=25, maxDocumentSize=16777216, logicalSessionTimeoutMinutes=30, roundTripTimeNanos=325655584, setName='atlas-11ddw0-shard-0', canonicalAddress=cluster0-shard-00-01.n1kzz.mongodb.net:27017, hosts=[cluster0-shard-00-02.n1kzz.mongodb.net:27017, cluster0-shard-00-01.n1kzz.mongodb.net:27017, cluster0-shard-00-00.n1kzz.mongodb.net:27017], passives=[], arbiters=[], primary='cluster0-shard-00-02.n1kzz.mongodb.net:27017', tagSet=TagSet{[Tag{name='availabilityZone', value='usw2-az2'}, Tag{name='diskState', value='READY'}, Tag{name='nodeType', value='ELECTABLE'}, Tag{name='provider', value='AWS'}, Tag{name='region', value='US_WEST_2'}, Tag{name='workloadType', value='OPERATIONAL'}]}, electionId=null, setVersion=36, topologyVersion=TopologyVersion{processId=673b602bc573fcdcae69ded9, counter=4}, lastWriteDate=Fri Nov 22 18:25:16 EST 2024, lastUpdateTimeNanos=11885295028083}
&amp#27;[30m2024-11-22T18:25:16,684&amp#27;[m &amp#27;[32mINFO  &amp#27;[m[&amp#27;[1;34mcluster-ClusterId{value='674112dc1836e605480a0dd7', description='Cluster0'}-cluster0-shard-00-00.n1kzz.mongodb.net:27017&amp#27;[m] &amp#27;[1;33mc.m.i.d.l.SLF4JLogger&amp#27;[m: Monitor thread successfully connected to server with description ServerDescription{address=cluster0-shard-00-00.n1kzz.mongodb.net:27017, type=REPLICA_SET_SECONDARY, state=CONNECTED, ok=true, minWireVersion=0, maxWireVersion=25, maxDocumentSize=16777216, logicalSessionTimeoutMinutes=30, roundTripTimeNanos=340053959, setName='atlas-11ddw0-shard-0', canonicalAddress=cluster0-shard-00-00.n1kzz.mongodb.net:27017, hosts=[cluster0-shard-00-02.n1kzz.mongodb.net:27017, cluster0-shard-00-01.n1kzz.mongodb.net:27017, cluster0-shard-00-00.n1kzz.mongodb.net:27017], passives=[], arbiters=[], primary='cluster0-shard-00-02.n1kzz.mongodb.net:27017', tagSet=TagSet{[Tag{name='availabilityZone', value='usw2-az1'}, Tag{name='diskState', value='READY'}, Tag{name='nodeType', value='ELECTABLE'}, Tag{name='provider', value='AWS'}, Tag{name='region', value='US_WEST_2'}, Tag{name='workloadType', value='OPERATIONAL'}]}, electionId=null, setVersion=36, topologyVersion=TopologyVersion{processId=673b5fc3029168bf98dba7f3, counter=5}, lastWriteDate=Fri Nov 22 18:25:16 EST 2024, lastUpdateTimeNanos=11885295005541}
&amp#27;[30m2024-11-22T18:25:16,684&amp#27;[m &amp#27;[32mINFO  &amp#27;[m[&amp#27;[1;34mcluster-ClusterId{value='674112dc1836e605480a0dd7', description='Cluster0'}-cluster0-shard-00-02.n1kzz.mongodb.net:27017&amp#27;[m] &amp#27;[1;33mc.m.i.d.l.SLF4JLogger&amp#27;[m: Monitor thread successfully connected to server with description ServerDescription{address=cluster0-shard-00-02.n1kzz.mongodb.net:27017, type=REPLICA_SET_PRIMARY, state=CONNECTED, ok=true, minWireVersion=0, maxWireVersion=25, maxDocumentSize=16777216, logicalSessionTimeoutMinutes=30, roundTripTimeNanos=339352958, setName='atlas-11ddw0-shard-0', canonicalAddress=cluster0-shard-00-02.n1kzz.mongodb.net:27017, hosts=[cluster0-shard-00-02.n1kzz.mongodb.net:27017, cluster0-shard-00-01.n1kzz.mongodb.net:27017, cluster0-shard-00-00.n1kzz.mongodb.net:27017], passives=[], arbiters=[], primary='cluster0-shard-00-02.n1kzz.mongodb.net:27017', tagSet=TagSet{[Tag{name='availabilityZone', value='usw2-az3'}, Tag{name='diskState', value='READY'}, Tag{name='nodeType', value='ELECTABLE'}, Tag{name='provider', value='AWS'}, Tag{name='region', value='US_WEST_2'}, Tag{name='workloadType', value='OPERATIONAL'}]}, electionId=7fffffff000000000000010f, setVersion=36, topologyVersion=TopologyVersion{processId=673b5ff779a96abce7f52096, counter=7}, lastWriteDate=Fri Nov 22 18:25:16 EST 2024, lastUpdateTimeNanos=11885294941333}
&amp#27;[30m2024-11-22T18:25:16,686&amp#27;[m &amp#27;[32mINFO  &amp#27;[m[&amp#27;[1;34mcluster-ClusterId{value='674112dc1836e605480a0dd7', description='Cluster0'}-cluster0-shard-00-02.n1kzz.mongodb.net:27017&amp#27;[m] &amp#27;[1;33mc.m.i.d.l.SLF4JLogger&amp#27;[m: Discovered replica set primary cluster0-shard-00-02.n1kzz.mongodb.net:27017 with max election id 7fffffff000000000000010f and max set version 36
]]></system-out>
    <system-err><![CDATA[WARNING: A Java agent has been loaded dynamically (/Users/julianfisla/.m2/repository/net/bytebuddy/byte-buddy-agent/1.14.16/byte-buddy-agent-1.14.16.jar)
WARNING: If a serviceability tool is in use, please run with -XX:+EnableDynamicAgentLoading to hide this warning
WARNING: If a serviceability tool is not in use, please run with -Djdk.instrument.traceUsage for more information
WARNING: Dynamic loading of agents will be disallowed by default in a future release
]]></system-err>
  </testcase>
</testsuite>